c:\users\hp\source\repos\ese_224_project1\ese_224_project1\x64\debug\vc142.pdb
c:\users\hp\source\repos\ese_224_project1\ese_224_project1\x64\debug\vc142.idb
c:\users\hp\source\repos\ese_224_project1\ese_224_project1\x64\debug\man.obj
c:\users\hp\source\repos\ese_224_project1\ese_224_project1\x64\debug\main.obj
c:\users\hp\source\repos\ese_224_project1\ese_224_project1\x64\debug\basicfunctions.obj
c:\users\hp\source\repos\ese_224_project1\ese_224_project1\x64\debug\signin.obj
c:\users\hp\source\repos\ese_224_project1\ese_224_project1\x64\debug\game.obj
c:\users\hp\source\repos\ese_224_project1\ese_224_project1\x64\debug\account.obj
c:\users\hp\source\repos\ese_224_project1\ese_224_project1\x64\debug\user.obj
c:\users\hp\source\repos\ese_224_project1\ese_224_project1\x64\debug\admin.obj
c:\users\hp\source\repos\ese_224_project1\x64\debug\ese_224_project1.exe
c:\users\hp\source\repos\ese_224_project1\x64\debug\ese_224_project1.ilk
c:\users\hp\source\repos\ese_224_project1\x64\debug\ese_224_project1.pdb
c:\users\hp\source\repos\ese_224_project1\ese_224_project1\x64\debug\account.new.obj.enc
c:\users\hp\source\repos\ese_224_project1\ese_224_project1\x64\debug\main.new.obj.enc
c:\users\hp\source\repos\ese_224_project1\ese_224_project1\x64\debug\ese_224_project1.tlog\cl.command.1.tlog
c:\users\hp\source\repos\ese_224_project1\ese_224_project1\x64\debug\ese_224_project1.tlog\cl.read.1.tlog
c:\users\hp\source\repos\ese_224_project1\ese_224_project1\x64\debug\ese_224_project1.tlog\cl.write.1.tlog
c:\users\hp\source\repos\ese_224_project1\ese_224_project1\x64\debug\ese_224_project1.tlog\link.command.1.tlog
c:\users\hp\source\repos\ese_224_project1\ese_224_project1\x64\debug\ese_224_project1.tlog\link.read.1.tlog
c:\users\hp\source\repos\ese_224_project1\ese_224_project1\x64\debug\ese_224_project1.tlog\link.write.1.tlog
